<?xml version="1.0" encoding="UTF-8"?>
<!-- Generated by org.testng.reporters.JUnitReportReporter -->
<testsuite hostname="LTIN368623" failures="0" tests="3" name="endtoendOrder.PurchasingAnItem" time="70.074" errors="0" timestamp="2024-11-10T15:31:41 IST" skipped="0">
  <testcase classname="endtoendOrder.PurchasingAnItem" name="puchaseItem" time="28.657"/>
  <system-out/>
  <testcase classname="endtoendOrder.PurchasingAnItem" name="verifyOrederedItems" time="15.185"/>
  <system-out/>
  <testcase classname="endtoendOrder.PurchasingAnItem" name="puchaseItem" time="26.232"/>
  <system-out/>
</testsuite> <!-- endtoendOrder.PurchasingAnItem -->
