<?xml version="1.0" encoding="UTF-8"?>
<!-- Generated by org.testng.reporters.JUnitReportReporter -->
<testsuite hostname="LTIN368623" failures="0" tests="3" name="endtoendOrder.PurchasingAnItem" time="91.066" errors="0" timestamp="2024-11-30T12:45:42 IST" skipped="0">
  <testcase classname="endtoendOrder.PurchasingAnItem" name="puchaseItem" time="36.598"/>
  <testcase classname="endtoendOrder.PurchasingAnItem" name="verifyOrederedItems" time="21.156"/>
  <testcase classname="endtoendOrder.PurchasingAnItem" name="puchaseItem" time="33.312"/>
</testsuite> <!-- endtoendOrder.PurchasingAnItem -->
